<?xml version="1.0" encoding="UTF-8"?>
<testsuite xmlns:xsi="http://www.w3.org/2001/XMLSchema-instance" xsi:noNamespaceSchemaLocation="https://maven.apache.org/surefire/maven-surefire-plugin/xsd/surefire-test-report-3.0.xsd" version="3.0" name="com.harish.CompanyMicroApplicationTests" time="12.228" tests="1" errors="0" skipped="0" failures="0">
  <properties>
[...]
</properties>
  <testcase name="contextLoads" classname="com.harish.CompanyMicroApplicationTests" time="0.711">
    <system-out><![CDATA[12:52:42.367 [main] INFO org.springframework.test.context.support.AnnotationConfigContextLoaderUtils -- Could not detect default configuration classes for test class [com.harish.CompanyMicroApplicationTests]: CompanyMicroApplicationTests does not declare any static, non-private, non-final, nested classes annotated with @Configuration.
12:52:42.512 [main] INFO org.springframework.boot.test.context.SpringBootTestContextBootstrapper -- Found @SpringBootConfiguration com.harish.CompanyMicroApplication for test class com.harish.CompanyMicroApplicationTests

  .   ____          _            __ _ _
 /\\ / ___'_ __ _ _(_)_ __  __ _ \ \ \ \
( ( )\___ | '_ | '_| | '_ \/ _` | \ \ \ \
 \\/  ___)| |_)| | | | | || (_| |  ) ) ) )
  '  |____| .__|_| |_|_| |_\__, | / / / /
 =========|_|==============|___/=/_/_/_/

 :: Spring Boot ::                (v3.3.1)

2024-07-08T12:52:43.294+05:30  INFO 1480 --- [company-service] [           main] [                                                 ] c.harish.CompanyMicroApplicationTests    : Starting CompanyMicroApplicationTests using Java 22.0.1 with PID 1480 (started by 91738 in D:\EMBARK\COMPANY_MICRO)
2024-07-08T12:52:43.301+05:30  INFO 1480 --- [company-service] [           main] [                                                 ] c.harish.CompanyMicroApplicationTests    : No active profile set, falling back to 1 default profile: "default"
2024-07-08T12:52:45.211+05:30  INFO 1480 --- [company-service] [           main] [                                                 ] .s.d.r.c.RepositoryConfigurationDelegate : Bootstrapping Spring Data JPA repositories in DEFAULT mode.
2024-07-08T12:52:45.357+05:30  INFO 1480 --- [company-service] [           main] [                                                 ] .s.d.r.c.RepositoryConfigurationDelegate : Finished Spring Data repository scanning in 137 ms. Found 1 JPA repository interface.
2024-07-08T12:52:45.854+05:30  INFO 1480 --- [company-service] [           main] [                                                 ] o.s.cloud.context.scope.GenericScope     : BeanFactory id=49b44810-ba7e-38b9-b5b9-a09c50560995
2024-07-08T12:52:46.470+05:30  WARN 1480 --- [company-service] [           main] [                                                 ] trationDelegate$BeanPostProcessorChecker : Bean 'org.springframework.cloud.client.loadbalancer.LoadBalancerAutoConfiguration$DeferringLoadBalancerInterceptorConfig' of type [org.springframework.cloud.client.loadbalancer.LoadBalancerAutoConfiguration$DeferringLoadBalancerInterceptorConfig] is not eligible for getting processed by all BeanPostProcessors (for example: not eligible for auto-proxying). The currently created BeanPostProcessor [lbRestClientPostProcessor] is declared through a non-static factory method on that class; consider declaring it as static instead.
2024-07-08T12:52:46.476+05:30  WARN 1480 --- [company-service] [           main] [                                                 ] trationDelegate$BeanPostProcessorChecker : Bean 'deferringLoadBalancerInterceptor' of type [org.springframework.cloud.client.loadbalancer.DeferringLoadBalancerInterceptor] is not eligible for getting processed by all BeanPostProcessors (for example: not eligible for auto-proxying). Is this bean getting eagerly injected into a currently created BeanPostProcessor [lbRestClientPostProcessor]? Check the corresponding BeanPostProcessor declaration and its dependencies.
2024-07-08T12:52:46.797+05:30  INFO 1480 --- [company-service] [           main] [                                                 ] o.hibernate.jpa.internal.util.LogHelper  : HHH000204: Processing PersistenceUnitInfo [name: default]
2024-07-08T12:52:46.976+05:30  INFO 1480 --- [company-service] [           main] [                                                 ] org.hibernate.Version                    : HHH000412: Hibernate ORM core version 6.5.2.Final
2024-07-08T12:52:47.056+05:30  INFO 1480 --- [company-service] [           main] [                                                 ] o.h.c.internal.RegionFactoryInitiator    : HHH000026: Second-level cache disabled
2024-07-08T12:52:47.511+05:30  INFO 1480 --- [company-service] [           main] [                                                 ] o.s.o.j.p.SpringPersistenceUnitInfo      : No LoadTimeWeaver setup: ignoring JPA class transformer
2024-07-08T12:52:47.566+05:30  INFO 1480 --- [company-service] [           main] [                                                 ] com.zaxxer.hikari.HikariDataSource       : HikariPool-1 - Starting...
2024-07-08T12:52:47.854+05:30  INFO 1480 --- [company-service] [           main] [                                                 ] com.zaxxer.hikari.pool.HikariPool        : HikariPool-1 - Added connection org.postgresql.jdbc.PgConnection@15d0b458
2024-07-08T12:52:47.857+05:30  INFO 1480 --- [company-service] [           main] [                                                 ] com.zaxxer.hikari.HikariDataSource       : HikariPool-1 - Start completed.
2024-07-08T12:52:49.114+05:30  INFO 1480 --- [company-service] [           main] [                                                 ] o.h.e.t.j.p.i.JtaPlatformInitiator       : HHH000489: No JTA platform available (set 'hibernate.transaction.jta.platform' to enable JTA platform integration)
2024-07-08T12:52:49.176+05:30  INFO 1480 --- [company-service] [           main] [                                                 ] j.LocalContainerEntityManagerFactoryBean : Initialized JPA EntityManagerFactory for persistence unit 'default'
2024-07-08T12:52:50.038+05:30  WARN 1480 --- [company-service] [           main] [                                                 ] JpaBaseConfiguration$JpaWebConfiguration : spring.jpa.open-in-view is enabled by default. Therefore, database queries may be performed during view rendering. Explicitly configure spring.jpa.open-in-view to disable this warning
2024-07-08T12:52:50.235+05:30  INFO 1480 --- [company-service] [           main] [                                                 ] o.s.c.openfeign.FeignClientFactoryBean   : For 'REVIEW-SERVICE' URL not provided. Will try picking an instance via load-balancing.
2024-07-08T12:52:52.435+05:30  INFO 1480 --- [company-service] [           main] [                                                 ] DiscoveryClientOptionalArgsConfiguration : Eureka HTTP Client uses RestTemplate.
2024-07-08T12:52:52.518+05:30  WARN 1480 --- [company-service] [           main] [                                                 ] iguration$LoadBalancerCaffeineWarnLogger : Spring Cloud LoadBalancer is currently working with the default cache. While this cache implementation is useful for development and tests, it's recommended to use Caffeine cache in production.You can switch to using Caffeine cache, by adding it and org.springframework.cache.caffeine.CaffeineCacheManager to the classpath.
2024-07-08T12:52:52.558+05:30  INFO 1480 --- [company-service] [           main] [                                                 ] o.s.b.a.e.web.EndpointLinksResolver      : Exposing 1 endpoint beneath base path '/actuator'
2024-07-08T12:52:52.703+05:30  INFO 1480 --- [company-service] [           main] [                                                 ] o.s.c.n.eureka.InstanceInfoFactory       : Setting initial instance status as: STARTING
2024-07-08T12:52:52.885+05:30  INFO 1480 --- [company-service] [           main] [                                                 ] com.netflix.discovery.DiscoveryClient    : Initializing Eureka in region us-east-1
2024-07-08T12:52:52.890+05:30  INFO 1480 --- [company-service] [           main] [                                                 ] c.n.d.s.r.aws.ConfigClusterResolver      : Resolving eureka endpoints via configuration
2024-07-08T12:52:52.931+05:30  INFO 1480 --- [company-service] [           main] [                                                 ] com.netflix.discovery.DiscoveryClient    : Disable delta property : false
2024-07-08T12:52:52.932+05:30  INFO 1480 --- [company-service] [           main] [                                                 ] com.netflix.discovery.DiscoveryClient    : Single vip registry refresh property : null
2024-07-08T12:52:52.932+05:30  INFO 1480 --- [company-service] [           main] [                                                 ] com.netflix.discovery.DiscoveryClient    : Force full registry fetch : false
2024-07-08T12:52:52.932+05:30  INFO 1480 --- [company-service] [           main] [                                                 ] com.netflix.discovery.DiscoveryClient    : Application is null : false
2024-07-08T12:52:52.932+05:30  INFO 1480 --- [company-service] [           main] [                                                 ] com.netflix.discovery.DiscoveryClient    : Registered Applications size is zero : true
2024-07-08T12:52:52.932+05:30  INFO 1480 --- [company-service] [           main] [                                                 ] com.netflix.discovery.DiscoveryClient    : Application version is -1: true
2024-07-08T12:52:52.932+05:30  INFO 1480 --- [company-service] [           main] [                                                 ] com.netflix.discovery.DiscoveryClient    : Getting all instance registry info from the eureka server
2024-07-08T12:52:53.330+05:30  INFO 1480 --- [company-service] [           main] [                                                 ] com.netflix.discovery.DiscoveryClient    : The response status is 200
2024-07-08T12:52:53.334+05:30  INFO 1480 --- [company-service] [           main] [                                                 ] com.netflix.discovery.DiscoveryClient    : Starting heartbeat executor: renew interval is: 30
2024-07-08T12:52:53.337+05:30  INFO 1480 --- [company-service] [           main] [                                                 ] c.n.discovery.InstanceInfoReplicator     : InstanceInfoReplicator onDemand update allowed rate per min is 4
2024-07-08T12:52:53.344+05:30  INFO 1480 --- [company-service] [           main] [                                                 ] com.netflix.discovery.DiscoveryClient    : Discovery Client initialized at timestamp 1720423373343 with initial instances count: 5
2024-07-08T12:52:53.356+05:30  INFO 1480 --- [company-service] [           main] [                                                 ] o.s.c.n.e.s.EurekaServiceRegistry        : Registering application COMPANY-SERVICE with eureka with status UP
2024-07-08T12:52:53.357+05:30  INFO 1480 --- [company-service] [           main] [                                                 ] com.netflix.discovery.DiscoveryClient    : Saw local status change event StatusChangeEvent [timestamp=1720423373357, current=UP, previous=STARTING]
2024-07-08T12:52:53.361+05:30  INFO 1480 --- [company-service] [nfoReplicator-0] [                                                 ] com.netflix.discovery.DiscoveryClient    : DiscoveryClient_COMPANY-SERVICE/HARISH.mshome.net:company-service:8082: registering service...
2024-07-08T12:52:53.366+05:30  INFO 1480 --- [company-service] [           main] [                                                 ] o.s.a.r.c.CachingConnectionFactory       : Attempting to connect to: [localhost:5672]
2024-07-08T12:52:53.424+05:30  INFO 1480 --- [company-service] [nfoReplicator-0] [                                                 ] com.netflix.discovery.DiscoveryClient    : DiscoveryClient_COMPANY-SERVICE/HARISH.mshome.net:company-service:8082 - registration status: 204
2024-07-08T12:52:53.439+05:30  INFO 1480 --- [company-service] [           main] [                                                 ] o.s.a.r.c.CachingConnectionFactory       : Created new connection: rabbitConnectionFactory#457547a1:0/SimpleConnection@50df710a [delegate=amqp://guest@127.0.0.1:5672/, localPort=59302]
2024-07-08T12:52:53.532+05:30  INFO 1480 --- [company-service] [           main] [                                                 ] c.harish.CompanyMicroApplicationTests    : Started CompanyMicroApplicationTests in 10.797 seconds (process running for 12.774)
]]></system-out>
    <system-err><![CDATA[WARNING: A Java agent has been loaded dynamically (C:\Users\91738\.m2\repository\net\bytebuddy\byte-buddy-agent\1.14.17\byte-buddy-agent-1.14.17.jar)
WARNING: If a serviceability tool is in use, please run with -XX:+EnableDynamicAgentLoading to hide this warning
WARNING: If a serviceability tool is not in use, please run with -Djdk.instrument.traceUsage for more information
WARNING: Dynamic loading of agents will be disallowed by default in a future release
]]></system-err>
  </testcase>
</testsuite>